<?xml version="1.0" encoding="UTF-8"?>
<testng-results skipped="0" failed="0" ignored="0" total="1" passed="1">
  <reporter-output>
  </reporter-output>
  <suite name="Suite" duration-ms="61821" started-at="2018-07-20T03:51:43Z" finished-at="2018-07-20T03:52:45Z">
    <groups>
    </groups>
    <test name="Test" duration-ms="61821" started-at="2018-07-20T03:51:43Z" finished-at="2018-07-20T03:52:45Z">
      <class name="testSuites.TestExercise">
        <test-method status="PASS" signature="HomeCreditExercise()[pri:0, instance:testSuites.TestExercise@5702b3b1]" name="HomeCreditExercise" duration-ms="61803" started-at="2018-07-20T10:51:43Z" finished-at="2018-07-20T10:52:45Z">
          <reporter-output>
          </reporter-output>
        </test-method> <!-- HomeCreditExercise -->
      </class> <!-- testSuites.TestExercise -->
    </test> <!-- Test -->
  </suite> <!-- Suite -->
</testng-results>
