<?xml version="1.0" encoding="UTF-8"?>
<testng-results skipped="0" failed="0" ignored="0" total="1" passed="1">
  <reporter-output>
  </reporter-output>
  <suite name="Default suite" duration-ms="38234" started-at="2018-07-20T03:42:53Z" finished-at="2018-07-20T03:43:31Z">
    <groups>
    </groups>
    <test name="Default test" duration-ms="38234" started-at="2018-07-20T03:42:53Z" finished-at="2018-07-20T03:43:31Z">
      <class name="testSuites.TestExercise">
        <test-method status="PASS" signature="HomeCreditExercise()[pri:0, instance:testSuites.TestExercise@5e25a92e]" name="HomeCreditExercise" duration-ms="38208" started-at="2018-07-20T10:42:53Z" finished-at="2018-07-20T10:43:31Z">
          <reporter-output>
          </reporter-output>
        </test-method> <!-- HomeCreditExercise -->
      </class> <!-- testSuites.TestExercise -->
    </test> <!-- Default test -->
  </suite> <!-- Default suite -->
</testng-results>
